<?xml version="1.0" encoding="UTF-8"?>
<!-- Generated by org.testng.reporters.JUnitXMLReporter -->
<testsuite ignored="0" hostname="LAPTOP-MVNUQ4K1" failures="0" tests="8" name="SignInProcess" time="806.526" errors="0" timestamp="2022-11-19T22:33:48 GMT-05:00">
  <testcase classname="ca.amazon.TestSignInRedirect" name="@BeforeMethod StartSignInRedirectTest" time="104.571">
    <failure type="org.openqa.selenium.NoSuchElementException" message="no such element: Unable to locate element: {&amp;quot;method&amp;quot;:&amp;quot;css selector&amp;quot;,&amp;quot;selector&amp;quot;:&amp;quot;#ap_email&amp;quot;}
  (Session info: chrome=95.0.4638.69)
For documentation on this error, please visit: https://www.seleniumhq.org/exceptions/no_such_element.html
Build info: version: &amp;apos;3.141.59&amp;apos;, revision: &amp;apos;e82be7d358&amp;apos;, time: &amp;apos;2018-11-14T08:17:03&amp;apos;
System info: host: &amp;apos;LAPTOP-MVNUQ4K1&amp;apos;, ip: &amp;apos;192.168.48.1&amp;apos;, os.name: &amp;apos;Windows 11&amp;apos;, os.arch: &amp;apos;amd64&amp;apos;, os.version: &amp;apos;10.0&amp;apos;, java.version: &amp;apos;17.0.3.1&amp;apos;
Driver info: org.openqa.selenium.remote.RemoteWebDriver
Capabilities {acceptInsecureCerts: false, browserName: chrome, browserVersion: 95.0.4638.69, chrome: {chromedriverVersion: 95.0.4638.54 (d31a821ec901f..., userDataDir: /tmp/.com.google.Chrome.fAFz2I}, goog:chromeOptions: {debuggerAddress: localhost:43273}, javascriptEnabled: true, networkConnectionEnabled: false, pageLoadStrategy: normal, platform: LINUX, platformName: LINUX, proxy: Proxy(), se:cdp: ws://0.0.0.0:4444/session/d..., se:cdpVersion: 95.0.4638.69, se:vnc: ws://0.0.0.0:4444/session/d..., se:vncEnabled: true, se:vncLocalAddress: ws://172.17.0.4:7900, setWindowRect: true, strictFileInteractability: false, timeouts: {implicit: 0, pageLoad: 300000, script: 30000}, unhandledPromptBehavior: dismiss and notify, webauthn:extension:credBlob: true, webauthn:extension:largeBlob: true, webauthn:virtualAuthenticators: true}
Session ID: da1c5b4fbd53871e5b42b163d1113692
*** Element info: {Using=id, value=ap_email}">
      <![CDATA[org.openqa.selenium.NoSuchElementException: no such element: Unable to locate element: {"method":"css selector","selector":"#ap_email"}
  (Session info: chrome=95.0.4638.69)
For documentation on this error, please visit: https://www.seleniumhq.org/exceptions/no_such_element.html
Build info: version: '3.141.59', revision: 'e82be7d358', time: '2018-11-14T08:17:03'
System info: host: 'LAPTOP-MVNUQ4K1', ip: '192.168.48.1', os.name: 'Windows 11', os.arch: 'amd64', os.version: '10.0', java.version: '17.0.3.1'
Driver info: org.openqa.selenium.remote.RemoteWebDriver
Capabilities {acceptInsecureCerts: false, browserName: chrome, browserVersion: 95.0.4638.69, chrome: {chromedriverVersion: 95.0.4638.54 (d31a821ec901f..., userDataDir: /tmp/.com.google.Chrome.fAFz2I}, goog:chromeOptions: {debuggerAddress: localhost:43273}, javascriptEnabled: true, networkConnectionEnabled: false, pageLoadStrategy: normal, platform: LINUX, platformName: LINUX, proxy: Proxy(), se:cdp: ws://0.0.0.0:4444/session/d..., se:cdpVersion: 95.0.4638.69, se:vnc: ws://0.0.0.0:4444/session/d..., se:vncEnabled: true, se:vncLocalAddress: ws://172.17.0.4:7900, setWindowRect: true, strictFileInteractability: false, timeouts: {implicit: 0, pageLoad: 300000, script: 30000}, unhandledPromptBehavior: dismiss and notify, webauthn:extension:credBlob: true, webauthn:extension:largeBlob: true, webauthn:virtualAuthenticators: true}
Session ID: da1c5b4fbd53871e5b42b163d1113692
*** Element info: {Using=id, value=ap_email}
at org.openqa.selenium.remote.http.W3CHttpResponseCodec.createException(W3CHttpResponseCodec.java:187)
at org.openqa.selenium.remote.http.W3CHttpResponseCodec.decode(W3CHttpResponseCodec.java:122)
at org.openqa.selenium.remote.http.W3CHttpResponseCodec.decode(W3CHttpResponseCodec.java:49)
at org.openqa.selenium.remote.HttpCommandExecutor.execute(HttpCommandExecutor.java:158)
at org.openqa.selenium.remote.RemoteWebDriver.execute(RemoteWebDriver.java:552)
at org.openqa.selenium.remote.RemoteWebDriver.findElement(RemoteWebDriver.java:323)
at org.openqa.selenium.remote.RemoteWebDriver.findElementById(RemoteWebDriver.java:372)
at org.openqa.selenium.By$ById.findElement(By.java:188)
at org.openqa.selenium.remote.RemoteWebDriver.findElement(RemoteWebDriver.java:315)
at org.openqa.selenium.support.pagefactory.DefaultElementLocator.findElement(DefaultElementLocator.java:69)
at org.openqa.selenium.support.pagefactory.internal.LocatingElementHandler.invoke(LocatingElementHandler.java:38)
at jdk.proxy2/jdk.proxy2.$Proxy12.sendKeys(Unknown Source)
at ca.amazon.pages.SignIn.Email(SignIn.java:37)
at ca.amazon.TestSignInRedirect.StartSignInRedirectTest(TestSignInRedirect.java:28)
at java.base/java.util.ArrayList.forEach(ArrayList.java:1511)
... Removed 36 stack frames]]>
    </failure>
  </testcase> <!-- @BeforeMethod StartSignInRedirectTest -->
  <testcase classname="ca.amazon.TestSignInRedirect" name="@AfterMethod EndSignInRedirectTest" time="0.0">
    <skipped/>
  </testcase> <!-- @AfterMethod EndSignInRedirectTest -->
  <testcase classname="ca.amazon.TestSignInRedirect" name="@BeforeMethod StartSignInRedirectTest" time="0.0">
    <skipped/>
  </testcase> <!-- @BeforeMethod StartSignInRedirectTest -->
  <testcase classname="ca.amazon.TestSignInRedirect" name="@AfterMethod EndSignInRedirectTest" time="0.0">
    <skipped/>
  </testcase> <!-- @AfterMethod EndSignInRedirectTest -->
  <testcase classname="ca.amazon.TestSignInRedirect" name="@BeforeMethod StartSignInRedirectTest" time="0.0">
    <skipped/>
  </testcase> <!-- @BeforeMethod StartSignInRedirectTest -->
  <testcase classname="ca.amazon.TestSignInRedirect" name="@AfterMethod EndSignInRedirectTest" time="0.0">
    <skipped/>
  </testcase> <!-- @AfterMethod EndSignInRedirectTest -->
  <testcase classname="ca.amazon.TestHomePage" name="@BeforeMethod StartHomePageTest" time="310.014">
    <failure type="org.openqa.selenium.SessionNotCreatedException" message="Unable to create new remote session. desired capabilities = Capabilities {browserName: chrome}
Build info: version: &amp;apos;3.141.59&amp;apos;, revision: &amp;apos;e82be7d358&amp;apos;, time: &amp;apos;2018-11-14T08:17:03&amp;apos;
System info: host: &amp;apos;LAPTOP-MVNUQ4K1&amp;apos;, ip: &amp;apos;192.168.48.1&amp;apos;, os.name: &amp;apos;Windows 11&amp;apos;, os.arch: &amp;apos;amd64&amp;apos;, os.version: &amp;apos;10.0&amp;apos;, java.version: &amp;apos;17.0.3.1&amp;apos;
Driver info: driver.version: RemoteWebDriver">
      <![CDATA[org.openqa.selenium.SessionNotCreatedException: Unable to create new remote session. desired capabilities = Capabilities {browserName: chrome}
Build info: version: '3.141.59', revision: 'e82be7d358', time: '2018-11-14T08:17:03'
System info: host: 'LAPTOP-MVNUQ4K1', ip: '192.168.48.1', os.name: 'Windows 11', os.arch: 'amd64', os.version: '10.0', java.version: '17.0.3.1'
Driver info: driver.version: RemoteWebDriver
at org.openqa.selenium.remote.ProtocolHandshake.createSession(ProtocolHandshake.java:87)
at org.openqa.selenium.remote.HttpCommandExecutor.execute(HttpCommandExecutor.java:136)
at org.openqa.selenium.remote.RemoteWebDriver.execute(RemoteWebDriver.java:552)
at org.openqa.selenium.remote.RemoteWebDriver.startSession(RemoteWebDriver.java:213)
at org.openqa.selenium.remote.RemoteWebDriver.<init>(RemoteWebDriver.java:131)
at org.openqa.selenium.remote.RemoteWebDriver.<init>(RemoteWebDriver.java:144)
at ca.amazon.basepackage.RemoteDriverFactory.setRemoteWebDriver(RemoteDriverFactory.java:39)
at ca.amazon.basepackage.RemoteDriverFactory.getRemoteWebDriver(RemoteDriverFactory.java:45)
at ca.amazon.basepackage.BaseTest.initiate(BaseTest.java:93)
at ca.amazon.TestHomePage.StartHomePageTest(TestHomePage.java:32)
at java.base/java.util.ArrayList.forEach(ArrayList.java:1511)
... Removed 31 stack frames]]>
    </failure>
  </testcase> <!-- @BeforeMethod StartHomePageTest -->
  <testcase classname="ca.amazon.TestHomePage" name="@AfterMethod EndHomePageTest" time="0.0">
    <skipped/>
  </testcase> <!-- @AfterMethod EndHomePageTest -->
  <testcase classname="ca.amazon.TestHomePage" name="@BeforeMethod StartHomePageTest" time="0.0">
    <skipped/>
  </testcase> <!-- @BeforeMethod StartHomePageTest -->
  <testcase classname="ca.amazon.TestHomePage" name="@AfterMethod EndHomePageTest" time="0.0">
    <skipped/>
  </testcase> <!-- @AfterMethod EndHomePageTest -->
  <testcase classname="ca.amazon.TestSignIn" name="SigninButtonTest" time="34.452"/>
  <testcase classname="ca.amazon.TestSignIn" name="EmailTest" time="26.344">
    <skipped/>
  </testcase> <!-- EmailTest -->
  <testcase classname="ca.amazon.TestSignIn" name="EmailTest" time="58.5"/>
  <testcase classname="ca.amazon.TestSignInRedirect" name="PasswordTest" time="0.001">
    <skipped/>
  </testcase> <!-- PasswordTest -->
  <testcase classname="ca.amazon.TestSignInRedirect" name="RememberMeTest" time="0.001">
    <skipped/>
  </testcase> <!-- RememberMeTest -->
  <testcase classname="ca.amazon.TestSignInRedirect" name="SignInTest" time="0.0">
    <skipped/>
  </testcase> <!-- SignInTest -->
  <testcase classname="ca.amazon.TestHomePage" name="search" time="0.0">
    <skipped/>
  </testcase> <!-- search -->
  <testcase classname="ca.amazon.TestHomePage" name="search_page2" time="0.0">
    <skipped/>
  </testcase> <!-- search_page2 -->
</testsuite> <!-- SignInProcess -->
