<?xml version="1.0" encoding="UTF-8"?>
<!-- Generated by org.testng.reporters.JUnitXMLReporter -->
<testsuite ignored="0" hostname="LAPTOP-MVNUQ4K1" failures="1" tests="1" name="Command line test" time="13.55" errors="0" timestamp="2022-08-29T00:12:28 GMT-04:00">
  <testcase classname="ca.amazon.TestAmazonSignIn" name="SigninButtonTest" time="0.084">
    <failure type="java.lang.AssertionError" message="expected [Amazon Sign In] but found [Amazon.ca: Low Prices – Fast Shipping – Millions of Items]">
      <![CDATA[java.lang.AssertionError: expected [Amazon Sign In] but found [Amazon.ca: Low Prices – Fast Shipping – Millions of Items]
at ca.amazon.TestAmazonSignIn.SigninButtonTest(TestAmazonSignIn.java:26)
at java.base/java.util.ArrayList.forEach(ArrayList.java:1511)
... Removed 43 stack frames]]>
    </failure>
  </testcase> <!-- SigninButtonTest -->
</testsuite> <!-- Command line test -->
