<?xml version="1.0" encoding="UTF-8"?>
<!-- Generated by org.testng.reporters.JUnitReportReporter -->
<testsuite hostname="LAPTOP-MVNUQ4K1" failures="0" tests="4" name="ca.amazon.TestAmazonSignInRedirect" time="1.201" errors="1" timestamp="2022-09-01T04:19:39 GMT-04:00" skipped="3">
  <testcase classname="ca.amazon.TestAmazonSignInRedirect" name="StartAmazonSignInRedirctTest" time="1.201">
    <error message="session not created: This version of ChromeDriver only supports Chrome version 103
Current browser version is 105.0.5195.52 with binary path C:\Program Files (x86)\Google\Chrome\Application\chrome.exe
Build info: version: &#039;3.141.59&#039;, revision: &#039;e82be7d358&#039;, time: &#039;2018-11-14T08:17:03&#039;
System info: host: &#039;LAPTOP-MVNUQ4K1&#039;, ip: &#039;192.168.48.1&#039;, os.name: &#039;Windows 11&#039;, os.arch: &#039;amd64&#039;, os.version: &#039;10.0&#039;, java.version: &#039;17.0.3.1&#039;
Driver info: driver.version: ChromeDriver
remote stacktrace: Backtrace:
	Ordinal0 [0x010F6463+2188387]
	Ordinal0 [0x0108E461+1762401]
	Ordinal0 [0x00FA3D78+802168]
	Ordinal0 [0x00FC4E59+937561]
	Ordinal0 [0x00FC0A6C+920172]
	Ordinal0 [0x00FBE331+910129]
	Ordinal0 [0x00FF1430+1119280]
	Ordinal0 [0x00FF108A+1118346]
	Ordinal0 [0x00FEC5F6+1099254]
	Ordinal0 [0x00FC6BE0+945120]
	Ordinal0 [0x00FC7AD6+948950]
	GetHandleVerifier [0x013971F2+2712546]
	GetHandleVerifier [0x0138886D+2652765]
	GetHandleVerifier [0x0118002A+520730]
	GetHandleVerifier [0x0117EE06+516086]
	Ordinal0 [0x0109468B+1787531]
	Ordinal0 [0x01098E88+1805960]
	Ordinal0 [0x01098F75+1806197]
	Ordinal0 [0x010A1DF1+1842673]
	BaseThreadInitThunk [0x763F6739+25]
	RtlGetFullPathName_UEx [0x776990AF+1215]
	RtlGetFullPathName_UEx [0x7769907D+1165]
" type="org.openqa.selenium.SessionNotCreatedException">
      <![CDATA[org.openqa.selenium.SessionNotCreatedException: session not created: This version of ChromeDriver only supports Chrome version 103
Current browser version is 105.0.5195.52 with binary path C:\Program Files (x86)\Google\Chrome\Application\chrome.exe
Build info: version: '3.141.59', revision: 'e82be7d358', time: '2018-11-14T08:17:03'
System info: host: 'LAPTOP-MVNUQ4K1', ip: '192.168.48.1', os.name: 'Windows 11', os.arch: 'amd64', os.version: '10.0', java.version: '17.0.3.1'
Driver info: driver.version: ChromeDriver
remote stacktrace: Backtrace:
Ordinal0 [0x010F6463+2188387]
Ordinal0 [0x0108E461+1762401]
Ordinal0 [0x00FA3D78+802168]
Ordinal0 [0x00FC4E59+937561]
Ordinal0 [0x00FC0A6C+920172]
Ordinal0 [0x00FBE331+910129]
Ordinal0 [0x00FF1430+1119280]
Ordinal0 [0x00FF108A+1118346]
Ordinal0 [0x00FEC5F6+1099254]
Ordinal0 [0x00FC6BE0+945120]
Ordinal0 [0x00FC7AD6+948950]
GetHandleVerifier [0x013971F2+2712546]
GetHandleVerifier [0x0138886D+2652765]
GetHandleVerifier [0x0118002A+520730]
GetHandleVerifier [0x0117EE06+516086]
Ordinal0 [0x0109468B+1787531]
Ordinal0 [0x01098E88+1805960]
Ordinal0 [0x01098F75+1806197]
Ordinal0 [0x010A1DF1+1842673]
BaseThreadInitThunk [0x763F6739+25]
RtlGetFullPathName_UEx [0x776990AF+1215]
RtlGetFullPathName_UEx [0x7769907D+1165]

at java.base/jdk.internal.reflect.NativeConstructorAccessorImpl.newInstance0(Native Method)
at java.base/jdk.internal.reflect.NativeConstructorAccessorImpl.newInstance(NativeConstructorAccessorImpl.java:77)
at java.base/jdk.internal.reflect.DelegatingConstructorAccessorImpl.newInstance(DelegatingConstructorAccessorImpl.java:45)
at java.base/java.lang.reflect.Constructor.newInstanceWithCaller(Constructor.java:499)
at java.base/java.lang.reflect.Constructor.newInstance(Constructor.java:480)
at org.openqa.selenium.remote.W3CHandshakeResponse.lambda$errorHandler$0(W3CHandshakeResponse.java:62)
at org.openqa.selenium.remote.HandshakeResponse.lambda$getResponseFunction$0(HandshakeResponse.java:30)
at org.openqa.selenium.remote.ProtocolHandshake.lambda$createSession$0(ProtocolHandshake.java:126)
at java.base/java.util.stream.ReferencePipeline$3$1.accept(ReferencePipeline.java:197)
at java.base/java.util.Spliterators$ArraySpliterator.tryAdvance(Spliterators.java:1002)
at java.base/java.util.stream.ReferencePipeline.forEachWithCancel(ReferencePipeline.java:129)
at java.base/java.util.stream.AbstractPipeline.copyIntoWithCancel(AbstractPipeline.java:527)
at java.base/java.util.stream.AbstractPipeline.copyInto(AbstractPipeline.java:513)
at java.base/java.util.stream.AbstractPipeline.wrapAndCopyInto(AbstractPipeline.java:499)
at java.base/java.util.stream.FindOps$FindOp.evaluateSequential(FindOps.java:150)
at java.base/java.util.stream.AbstractPipeline.evaluate(AbstractPipeline.java:234)
at java.base/java.util.stream.ReferencePipeline.findFirst(ReferencePipeline.java:647)
at org.openqa.selenium.remote.ProtocolHandshake.createSession(ProtocolHandshake.java:128)
at org.openqa.selenium.remote.ProtocolHandshake.createSession(ProtocolHandshake.java:74)
at org.openqa.selenium.remote.HttpCommandExecutor.execute(HttpCommandExecutor.java:136)
at org.openqa.selenium.remote.service.DriverCommandExecutor.execute(DriverCommandExecutor.java:83)
at org.openqa.selenium.remote.RemoteWebDriver.execute(RemoteWebDriver.java:552)
at org.openqa.selenium.remote.RemoteWebDriver.startSession(RemoteWebDriver.java:213)
at org.openqa.selenium.remote.RemoteWebDriver.<init>(RemoteWebDriver.java:131)
at org.openqa.selenium.chrome.ChromeDriver.<init>(ChromeDriver.java:181)
at org.openqa.selenium.chrome.ChromeDriver.<init>(ChromeDriver.java:168)
at org.openqa.selenium.chrome.ChromeDriver.<init>(ChromeDriver.java:123)
at ca.amazon.basepackage.BaseTest.initiate(BaseTest.java:67)
at ca.amazon.TestAmazonSignInRedirect.StartAmazonSignInRedirctTest(TestAmazonSignInRedirect.java:24)
at java.base/jdk.internal.reflect.NativeMethodAccessorImpl.invoke0(Native Method)
at java.base/jdk.internal.reflect.NativeMethodAccessorImpl.invoke(NativeMethodAccessorImpl.java:77)
at java.base/jdk.internal.reflect.DelegatingMethodAccessorImpl.invoke(DelegatingMethodAccessorImpl.java:43)
at java.base/java.lang.reflect.Method.invoke(Method.java:568)
at org.testng.internal.invokers.MethodInvocationHelper.invokeMethod(MethodInvocationHelper.java:139)
at org.testng.internal.invokers.MethodInvocationHelper.invokeMethodConsideringTimeout(MethodInvocationHelper.java:69)
at org.testng.internal.invokers.ConfigInvoker.invokeConfigurationMethod(ConfigInvoker.java:361)
at org.testng.internal.invokers.ConfigInvoker.invokeConfigurations(ConfigInvoker.java:296)
at org.testng.TestRunner.invokeTestConfigurations(TestRunner.java:643)
at org.testng.TestRunner.beforeRun(TestRunner.java:632)
at org.testng.TestRunner.run(TestRunner.java:594)
at org.testng.SuiteRunner.runTest(SuiteRunner.java:433)
at org.testng.SuiteRunner.runSequentially(SuiteRunner.java:427)
at org.testng.SuiteRunner.privateRun(SuiteRunner.java:387)
at org.testng.SuiteRunner.run(SuiteRunner.java:330)
at org.testng.SuiteRunnerWorker.runSuite(SuiteRunnerWorker.java:52)
at org.testng.SuiteRunnerWorker.run(SuiteRunnerWorker.java:95)
at org.testng.TestNG.runSuitesSequentially(TestNG.java:1256)
at org.testng.TestNG.runSuitesLocally(TestNG.java:1176)
at org.testng.TestNG.runSuites(TestNG.java:1099)
at org.testng.TestNG.run(TestNG.java:1067)
at org.testng.remote.AbstractRemoteTestNG.run(AbstractRemoteTestNG.java:115)
at org.testng.remote.RemoteTestNG.initAndRun(RemoteTestNG.java:251)
at org.testng.remote.RemoteTestNG.main(RemoteTestNG.java:77)
]]>
    </error>
  </testcase> <!-- StartAmazonSignInRedirctTest -->
  <system-out/>
  <testcase classname="ca.amazon.TestAmazonSignInRedirect" name="PasswordTest" time="0.000">
    <skipped/>
  </testcase> <!-- PasswordTest -->
  <system-out/>
  <testcase classname="ca.amazon.TestAmazonSignInRedirect" name="RememberMeTest" time="0.000">
    <skipped/>
  </testcase> <!-- RememberMeTest -->
  <system-out/>
  <testcase classname="ca.amazon.TestAmazonSignInRedirect" name="SignInTest" time="0.000">
    <skipped/>
  </testcase> <!-- SignInTest -->
  <system-out/>
</testsuite> <!-- ca.amazon.TestAmazonSignInRedirect -->
